****************************************************************************
Note: By default, each nucleotide is identified by chainId.name#. So a
      common case would be B.A1689, meaning adenosine #1689 on chain B.
      One-letter base names for modified nucleotides are put in lower
      case (e.g., 'c' for 5MC). For further information about the output
      notation, please refer to the DSSR User Manual.
    Questions and suggestions are *always* welcome on the 3DNA Forum.

Command: x3dna-dssr -i=3hxm.pdb -o=3hxm.out
File name: 3hxm.pdb
    no. of DNA/RNA chains: 2 [C=12,Y=9]
    no. of nucleotides:    21
    no. of atoms:          5225
    no. of waters:         0
    no. of metals:         1 [Mg=1]

****************************************************************************
List of 8 base pairs
     nt1            nt2            bp  name        Saenger   LW   DSSR
   1 C.DG2          Y.C18          G-C WC          19-XIX    cWW  cW-W
   2 C.DA3          Y.U17          A-U WC          20-XX     cWW  cW-W
   3 C.DG4          Y.C16          G-C WC          19-XIX    cWW  cW-W
   4 C.DG5          Y.C15          G-C WC          19-XIX    cWW  cW-W
   5 C.DT6          Y.A14          T-A WC          20-XX     cWW  cW-W
   6 C.DA7          Y.U13          A-U WC          20-XX     cWW  cW-W
   7 C.DG8          Y.C12          G-C WC          19-XIX    cWW  cW-W
   8 C.DT9          Y.A11          T-A WC          20-XX     cWW  cW-W

****************************************************************************
List of 1 helix
  Note: a helix is defined by base-stacking interactions, regardless of bp
        type and backbone connectivity, and may contain more than one stem.
      helix#number[stems-contained] bps=number-of-base-pairs in the helix
      bp-type: '|' for a canonical WC/wobble pair, '.' otherwise
      helix-form: classification of a dinucleotide step comprising the bp
        above the given designation and the bp that follows it. Types
        include 'A', 'B' or 'Z' for the common A-, B- and Z-form helices,
        '.' for an unclassified step, and 'x' for a step without a
        continuous backbone.
      --------------------------------------------------------------------
  helix#1[1] bps=8
      strand-1 5'-GAGGTAGT-3'
       bp-type    ||||||||
      strand-2 3'-CUCCAUCA-5'
      helix-form  .AAA...
   1 C.DG2          Y.C18          G-C WC           19-XIX    cWW  cW-W
   2 C.DA3          Y.U17          A-U WC           20-XX     cWW  cW-W
   3 C.DG4          Y.C16          G-C WC           19-XIX    cWW  cW-W
   4 C.DG5          Y.C15          G-C WC           19-XIX    cWW  cW-W
   5 C.DT6          Y.A14          T-A WC           20-XX     cWW  cW-W
   6 C.DA7          Y.U13          A-U WC           20-XX     cWW  cW-W
   7 C.DG8          Y.C12          G-C WC           19-XIX    cWW  cW-W
   8 C.DT9          Y.A11          T-A WC           20-XX     cWW  cW-W

****************************************************************************
List of 1 stem
  Note: a stem is defined as a helix consisting of only canonical WC/wobble
        pairs, with a continuous backbone.
      stem#number[#helix-number containing this stem]
      Other terms are defined as in the above Helix section.
      --------------------------------------------------------------------
  stem#1[#1] bps=8
      strand-1 5'-GAGGTAGT-3'
       bp-type    ||||||||
      strand-2 3'-CUCCAUCA-5'
      helix-form  .AAA...
   1 C.DG2          Y.C18          G-C WC           19-XIX    cWW  cW-W
   2 C.DA3          Y.U17          A-U WC           20-XX     cWW  cW-W
   3 C.DG4          Y.C16          G-C WC           19-XIX    cWW  cW-W
   4 C.DG5          Y.C15          G-C WC           19-XIX    cWW  cW-W
   5 C.DT6          Y.A14          T-A WC           20-XX     cWW  cW-W
   6 C.DA7          Y.U13          A-U WC           20-XX     cWW  cW-W
   7 C.DG8          Y.C12          G-C WC           19-XIX    cWW  cW-W
   8 C.DT9          Y.A11          T-A WC           20-XX     cWW  cW-W

****************************************************************************
List of 3 base stacks
  Note: a stack is an ordered list of nucleotides assembled together via
        base-stacking interactions, regardless of backbone connectivity.
        Stacking interactions within a stem are *not* included.
   1 nts=2 HC A.HIS445,Y.C18
   2 nts=2 TA C.DT9,C.DA10
   3 nts=2 GT C.DG20,C.DT21

****************************************************************************
Nucleotides not involved in stacking interactions
     nts=2 TG C.DT1,Y.G19

****************************************************************************
List of 3 non-loop single-stranded segments
   1 nts=1 T C.DT1
   2 nts=3* AGT C.DA10,C.DG20,C.DT21
   3 nts=1 G Y.G19

****************************************************************************
List of 2 splayed-apart dinucleotides
   1 C.DT1    C.DG2    angle=138    distance=17.8     ratio=0.93
   2 Y.C18    Y.G19    angle=146    distance=16.9     ratio=0.96
----------------------------------------------------------------
Summary of 2 splayed-apart units
   1 nts=2 TG C.DT1,C.DG2
   2 nts=2 CG Y.C18,Y.G19

****************************************************************************
Secondary structures in dot-bracket notation (dbn) as a whole and per chain
>3hxm nts=21 [whole]
TGAGGTAGTA&GT&ACUACCUCG
.((((((((.&..&)))))))).
>3hxm-C #1 nts=12 0.42(2.17) [chain] DNA*
TGAGGTAGTA&GT
.((((((((.&..
>3hxm-Y #2 nts=9 2.16(1.03) [chain] RNA
ACUACCUCG
)))))))).

****************************************************************************
Summary of structural features of 21 nucleotides
  Note: the first five columns are: (1) serial number, (2) one-letter
    shorthand name, (3) dbn, (4) id string, (5) rmsd (~zero) of base
    ring atoms fitted against those in a standard base reference
    frame. The sixth (last) column contains a comma-separated list of
    features whose meanings are mostly self-explanatory, except for:
      turn: angle C1'(i-1)--C1'(i)--C1'(i+1) < 90 degrees
      break: no backbone linkage between O3'(i-1) and P(i)
   1  T . C.DT1    0.006  anti,~C2'-endo,non-stack,ss-non-loop,phosphate,splayed-apart
   2  G ( C.DG2    0.008  anti,BI,canonical,non-pair-contact,helix-end,stem-end,phosphate,splayed-apart
   3  A ( C.DA3    0.006  anti,~C3'-endo,BI,canonical,non-pair-contact,helix,stem,phosphate
   4  G ( C.DG4    0.009  anti,~C3'-endo,BI,canonical,non-pair-contact,helix,stem,phosphate
   5  G ( C.DG5    0.006  anti,~C3'-endo,BI,canonical,non-pair-contact,helix,stem,phosphate
   6  T ( C.DT6    0.016  anti,BI,canonical,non-pair-contact,helix,stem,phosphate
   7  A ( C.DA7    0.008  anti,~C3'-endo,BI,canonical,non-pair-contact,helix,stem,phosphate
   8  G ( C.DG8    0.010  anti,BI,canonical,non-pair-contact,helix,stem,phosphate
   9  T ( C.DT9    0.009  anti,BI,canonical,non-pair-contact,helix-end,stem-end,phosphate
  10  A . C.DA10   0.017  break,anti,~C3'-endo,non-pair-contact,ss-non-loop
  11  G . C.DG20   0.004  anti,~C2'-endo,BI,non-pair-contact,ss-non-loop
  12  T . C.DT21   0.022  non-pair-contact,ss-non-loop
  13  A ) Y.A11    0.003  anti,~C3'-endo,canonical,non-pair-contact,helix-end,stem-end
  14  C ) Y.C12    0.004  anti,~C3'-endo,BI,canonical,non-pair-contact,helix,stem,phosphate
  15  U ) Y.U13    0.004  anti,~C3'-endo,BI,canonical,non-pair-contact,helix,stem
  16  A ) Y.A14    0.008  anti,~C3'-endo,BI,canonical,non-pair-contact,helix,stem
  17  C ) Y.C15    0.004  anti,~C3'-endo,canonical,non-pair-contact,helix,stem
  18  C ) Y.C16    0.010  anti,~C3'-endo,canonical,non-pair-contact,helix,stem
  19  U ) Y.U17    0.004  anti,~C3'-endo,BI,canonical,non-pair-contact,helix,stem
  20  C ) Y.C18    0.007  anti,~C3'-endo,canonical,non-pair-contact,helix-end,stem-end,splayed-apart
  21  G . Y.G19    0.004  anti,~C3'-endo,non-stack,non-pair-contact,ss-non-loop,phosphate,splayed-apart

****************************************************************************
List of 9 additional files
   1 dssr-pairs.pdb -- an ensemble of base pairs
   2 dssr-stems.pdb -- an ensemble of stems
   3 dssr-helices.pdb -- an ensemble of helices (coaxial stacking)
   4 dssr-2ndstrs.bpseq -- secondary structure in bpseq format
   5 dssr-2ndstrs.ct -- secondary structure in connectivity table format
   6 dssr-2ndstrs.dbn -- secondary structure in dot-bracket notation
   7 dssr-torsions.txt -- backbone torsion angles and suite names
   8 dssr-splays.pdb -- an ensemble of splayed-apart units
   9 dssr-stacks.pdb -- an ensemble of base stacks
