****************************************************************************
Note: By default, each nucleotide is identified by chainId.name#. So a
      common case would be B.A1689, meaning adenosine #1689 on chain B.
      One-letter base names for modified nucleotides are put in lower
      case (e.g., 'c' for 5MC). For further information about the output
      notation, please refer to the DSSR User Manual.
    Questions and suggestions are *always* welcome on the 3DNA Forum.

Command: x3dna-dssr -i=2m1v.pdb -o=2m1v.out
File name: 2m1v.pdb
    no. of DNA/RNA chains: 2 [A=29,B=7]
    no. of nucleotides:    36
    no. of atoms:          1147
    no. of waters:         0
    no. of metals:         0

****************************************************************************
List of 19 base pairs
     nt1            nt2            bp  name        Saenger   LW   DSSR
   1 A.G1           A.C29          G-C WC          19-XIX    cWW  cW-W
   2 A.G2           A.C28          G-C WC          19-XIX    cWW  cW-W
   3 A.A3           A.U27          A-U WC          20-XX     cWW  cW-W
   4 A.G4           A.C26          G-C WC          19-XIX    cWW  cW-W
   5 A.U5           A.A25          U-A WC          20-XX     cWW  cW-W
   6 A.A6           A.U24          A-U WC          20-XX     cWW  cW-W
   7 A.U7           A.A23          U-A WC          20-XX     cWW  cW-W
   8 A.G8           A.C22          G-C WC          19-XIX    cWW  cW-W
   9 A.U9           A.G21          U-G Wobble      28-XXVIII cWW  cW-W
  10 A.U11          A.C17          U-C --          --        t.H  t.-M
  11 A.U12          B.DA60         U+A --          --        cWH  cW+M
  12 A.U12          B.DG61         U+G --          --        cWH  cW+M
  13 A.G13          B.DC65         G-C WC          19-XIX    cWW  cW-W
  14 A.G14          B.DT64         G-T Wobble      28-XXVIII cWW  cW-W
  15 A.C15          B.DG63         C-G WC          19-XIX    cWW  cW-W
  16 A.A16          B.DT62         A-T WC          20-XX     cWW  cW-W
  17 A.C17          B.DG61         C-G WC          19-XIX    cWW  cW-W
  18 A.U18          B.DA60         U-A WC          20-XX     cWW  cW-W
  19 A.G19          B.DC59         G-C WC          19-XIX    cWW  cW-W

****************************************************************************
List of 2 multiplets
   1 nts=3 UUA A.U12,A.U18,B.DA60
   2 nts=4 UUCG A.U11,A.U12,A.C17,B.DG61

****************************************************************************
List of 1 helix
  Note: a helix is defined by base-stacking interactions, regardless of bp
        type and backbone connectivity, and may contain more than one stem.
      helix#number[stems-contained] bps=number-of-base-pairs in the helix
      bp-type: '|' for a canonical WC/wobble pair, '.' otherwise
      helix-form: classification of a dinucleotide step comprising the bp
        above the given designation and the bp that follows it. Types
        include 'A', 'B' or 'Z' for the common A-, B- and Z-form helices,
        '.' for an unclassified step, and 'x' for a step without a
        continuous backbone.
      --------------------------------------------------------------------
  helix#1[2] bps=16
      strand-1 5'-GGAGUAUGUCAGTGTC-3'
       bp-type    ||||||||||||||||
      strand-2 3'-CCUCAUACGGUCACGG-5'
      helix-form  .AAAAAAAxA.....
   1 A.G1           A.C29          G-C WC           19-XIX    cWW  cW-W
   2 A.G2           A.C28          G-C WC           19-XIX    cWW  cW-W
   3 A.A3           A.U27          A-U WC           20-XX     cWW  cW-W
   4 A.G4           A.C26          G-C WC           19-XIX    cWW  cW-W
   5 A.U5           A.A25          U-A WC           20-XX     cWW  cW-W
   6 A.A6           A.U24          A-U WC           20-XX     cWW  cW-W
   7 A.U7           A.A23          U-A WC           20-XX     cWW  cW-W
   8 A.G8           A.C22          G-C WC           19-XIX    cWW  cW-W
   9 A.U9           A.G21          U-G Wobble       28-XXVIII cWW  cW-W
  10 B.DC59         A.G19          C-G WC           19-XIX    cWW  cW-W
  11 B.DA60         A.U18          A-U WC           20-XX     cWW  cW-W
  12 B.DG61         A.C17          G-C WC           19-XIX    cWW  cW-W
  13 B.DT62         A.A16          T-A WC           20-XX     cWW  cW-W
  14 B.DG63         A.C15          G-C WC           19-XIX    cWW  cW-W
  15 B.DT64         A.G14          T-G Wobble       28-XXVIII cWW  cW-W
  16 B.DC65         A.G13          C-G WC           19-XIX    cWW  cW-W

****************************************************************************
List of 2 stems
  Note: a stem is defined as a helix consisting of only canonical WC/wobble
        pairs, with a continuous backbone.
      stem#number[#helix-number containing this stem]
      Other terms are defined as in the above Helix section.
      --------------------------------------------------------------------
  stem#1[#1] bps=9
      strand-1 5'-GGAGUAUGU-3'
       bp-type    |||||||||
      strand-2 3'-CCUCAUACG-5'
      helix-form  .AAAAAAA
   1 A.G1           A.C29          G-C WC           19-XIX    cWW  cW-W
   2 A.G2           A.C28          G-C WC           19-XIX    cWW  cW-W
   3 A.A3           A.U27          A-U WC           20-XX     cWW  cW-W
   4 A.G4           A.C26          G-C WC           19-XIX    cWW  cW-W
   5 A.U5           A.A25          U-A WC           20-XX     cWW  cW-W
   6 A.A6           A.U24          A-U WC           20-XX     cWW  cW-W
   7 A.U7           A.A23          U-A WC           20-XX     cWW  cW-W
   8 A.G8           A.C22          G-C WC           19-XIX    cWW  cW-W
   9 A.U9           A.G21          U-G Wobble       28-XXVIII cWW  cW-W
  --------------------------------------------------------------------------
  stem#2[#1] bps=7
      strand-1 5'-GGCACUG-3'
       bp-type    |||||||
      strand-2 3'-CTGTGAC-5'
      helix-form  .....A
   1 A.G13          B.DC65         G-C WC           19-XIX    cWW  cW-W
   2 A.G14          B.DT64         G-T Wobble       28-XXVIII cWW  cW-W
   3 A.C15          B.DG63         C-G WC           19-XIX    cWW  cW-W
   4 A.A16          B.DT62         A-T WC           20-XX     cWW  cW-W
   5 A.C17          B.DG61         C-G WC           19-XIX    cWW  cW-W
   6 A.U18          B.DA60         U-A WC           20-XX     cWW  cW-W
   7 A.G19          B.DC59         G-C WC           19-XIX    cWW  cW-W

****************************************************************************
List of 1 coaxial stack
   1 Helix#1 contains 2 stems: [#1,#2]

****************************************************************************
List of 2 base stacks
  Note: a stack is an ordered list of nucleotides assembled together via
        base-stacking interactions, regardless of backbone connectivity.
        Stacking interactions within a stem are *not* included.
   1 nts=2 AC A.A10,B.DC59
   2 nts=3 GAG A.G19,A.A20,A.G21

****************************************************************************
Nucleotides not involved in stacking interactions
     nts=2 UU A.U11,A.U12

****************************************************************************
Note: for the various types of loops listed below, numbers within the first
      set of brackets are the number of loop nts, and numbers in the second
      set of brackets are the identities of the stems (positive number) or
      isolated WC/wobble pairs (negative numbers) to which they are linked.

****************************************************************************
List of 1 hairpin loop
   1 hairpin loop: nts=13; [11]; linked by [#1]
     summary: [1] 11 [A.9 A.21] 9
     nts=13 UAUUGGCACUGAG A.U9,A.A10,A.U11,A.U12,A.G13,A.G14,A.C15,A.A16,A.C17,A.U18,A.G19,A.A20,A.G21
       nts=11 AUUGGCACUGA A.A10,A.U11,A.U12,A.G13,A.G14,A.C15,A.A16,A.C17,A.U18,A.G19,A.A20

****************************************************************************
List of 1 A-minor motif (types I, II, or X)
   1  type=X A|U-G	A.A10|A.U9,A.G21 Wobble
        +A.U9	H-bonds[1]: "O4'-O2'(hydroxyl)[3.27]"
        -A.G21	H-bonds[0]: ""

****************************************************************************
Special notes:
   o cross-paired segments in separate chains, be *careful* with .dbn

****************************************************************************
This structure contains *1-order pseudoknot
   o You may want to run DSSR again with the '--nested' option which removes
     pseudoknots to get a fully nested secondary structure representation.
   o The DSSR-derived dbn may be problematic (see notes above).

****************************************************************************
Secondary structures in dot-bracket notation (dbn) as a whole and per chain
>2m1v nts=36 [whole]
GGAGUAUGUAUUGGCACUGAGCAUACUCC&CAGTGTC
(((((((((...[[[[[[[.)))))))))&]]]]]]]
>2m1v-A #1 nts=29 0.31(2.55) [chain] RNA
GGAGUAUGUAUUGGCACUGAGCAUACUCC
(((((((((...[[[[[[[.)))))))))
>2m1v-B #2 nts=7 3.32(0.39) [chain] DNA
CAGTGTC
]]]]]]]

****************************************************************************
Summary of structural features of 36 nucleotides
  Note: the first five columns are: (1) serial number, (2) one-letter
    shorthand name, (3) dbn, (4) id string, (5) rmsd (~zero) of base
    ring atoms fitted against those in a standard base reference
    frame. The sixth (last) column contains a comma-separated list of
    features whose meanings are mostly self-explanatory, except for:
      turn: angle C1'(i-1)--C1'(i)--C1'(i+1) < 90 degrees
      break: no backbone linkage between O3'(i-1) and P(i)
   1  G ( A.G1   0.005  anti,~C3'-endo,BI,canonical,non-pair-contact,helix-end,stem-end,coaxial-stack
   2  G ( A.G2   0.005  anti,~C3'-endo,BI,canonical,non-pair-contact,helix,stem,coaxial-stack
   3  A ( A.A3   0.005  anti,~C3'-endo,BI,canonical,non-pair-contact,helix,stem,coaxial-stack
   4  G ( A.G4   0.005  anti,~C3'-endo,BI,canonical,non-pair-contact,helix,stem,coaxial-stack
   5  U ( A.U5   0.002  anti,~C3'-endo,BI,canonical,non-pair-contact,helix,stem,coaxial-stack
   6  A ( A.A6   0.010  anti,~C3'-endo,BI,canonical,non-pair-contact,helix,stem,coaxial-stack
   7  U ( A.U7   0.003  anti,~C3'-endo,BI,canonical,non-pair-contact,helix,stem,coaxial-stack
   8  G ( A.G8   0.003  anti,~C3'-endo,BI,canonical,non-pair-contact,helix,stem,coaxial-stack
   9  U ( A.U9   0.004  anti,~C3'-endo,BI,canonical,non-pair-contact,helix,stem-end,coaxial-stack,hairpin-loop,A-minor
  10  A . A.A10  0.009  anti,~C2'-endo,non-pair-contact,hairpin-loop,A-minor
  11  U . A.U11  0.014  anti,~C2'-endo,non-stack,non-canonical,non-pair-contact,multiplet,hairpin-loop
  12  U . A.U12  0.004  anti,~C2'-endo,non-stack,non-canonical,non-pair-contact,multiplet,hairpin-loop
  13  G [ A.G13  0.002  pseudoknotted,anti,~C3'-endo,BI,canonical,non-pair-contact,helix-end,stem-end,coaxial-stack,hairpin-loop
  14  G [ A.G14  0.002  pseudoknotted,anti,~C3'-endo,BI,canonical,non-pair-contact,helix,stem,coaxial-stack,hairpin-loop
  15  C [ A.C15  0.003  pseudoknotted,anti,~C3'-endo,BI,canonical,non-pair-contact,helix,stem,coaxial-stack,hairpin-loop
  16  A [ A.A16  0.004  pseudoknotted,anti,~C3'-endo,BI,canonical,non-pair-contact,helix,stem,coaxial-stack,hairpin-loop
  17  C [ A.C17  0.002  pseudoknotted,anti,~C3'-endo,BI,canonical,non-canonical,non-pair-contact,helix,stem,coaxial-stack,multiplet,hairpin-loop
  18  U [ A.U18  0.002  pseudoknotted,anti,~C3'-endo,BI,canonical,non-pair-contact,helix,stem,coaxial-stack,multiplet,hairpin-loop
  19  G [ A.G19  0.005  pseudoknotted,anti,~C3'-endo,BI,canonical,non-pair-contact,helix,stem-end,coaxial-stack,hairpin-loop
  20  A . A.A20  0.003  anti,~C3'-endo,BI,non-pair-contact,hairpin-loop
  21  G ) A.G21  0.004  anti,~C3'-endo,BI,canonical,non-pair-contact,helix,stem-end,coaxial-stack,hairpin-loop,A-minor
  22  C ) A.C22  0.003  anti,~C3'-endo,BI,canonical,non-pair-contact,helix,stem,coaxial-stack
  23  A ) A.A23  0.001  anti,~C3'-endo,BI,canonical,non-pair-contact,helix,stem,coaxial-stack
  24  U ) A.U24  0.003  anti,~C3'-endo,BI,canonical,non-pair-contact,helix,stem,coaxial-stack
  25  A ) A.A25  0.010  anti,~C3'-endo,BI,canonical,non-pair-contact,helix,stem,coaxial-stack
  26  C ) A.C26  0.007  anti,~C3'-endo,BI,canonical,non-pair-contact,helix,stem,coaxial-stack
  27  U ) A.U27  0.005  anti,~C3'-endo,BI,canonical,non-pair-contact,helix,stem,coaxial-stack
  28  C ) A.C28  0.004  anti,~C3'-endo,BI,canonical,non-pair-contact,helix,stem,coaxial-stack
  29  C ) A.C29  0.004  anti,~C3'-endo,canonical,non-pair-contact,helix-end,stem-end,coaxial-stack
  30  C ] B.DC59 0.005  pseudoknotted,anti,~C3'-endo,BI,canonical,non-pair-contact,helix,stem-end,coaxial-stack
  31  A ] B.DA60 0.004  pseudoknotted,anti,~C2'-endo,BI,canonical,non-canonical,non-pair-contact,helix,stem,coaxial-stack,multiplet
  32  G ] B.DG61 0.006  pseudoknotted,anti,~C3'-endo,BI,canonical,non-canonical,non-pair-contact,helix,stem,coaxial-stack,multiplet
  33  T ] B.DT62 0.007  pseudoknotted,anti,BI,canonical,non-pair-contact,helix,stem,coaxial-stack
  34  G ] B.DG63 0.003  pseudoknotted,anti,BI,canonical,non-pair-contact,helix,stem,coaxial-stack
  35  T ] B.DT64 0.005  pseudoknotted,anti,BI,canonical,non-pair-contact,helix,stem,coaxial-stack
  36  C ] B.DC65 0.003  pseudoknotted,anti,~C3'-endo,canonical,non-pair-contact,helix-end,stem-end,coaxial-stack

****************************************************************************
List of 11 additional files
   1 dssr-pairs.pdb -- an ensemble of base pairs
   2 dssr-multiplets.pdb -- an ensemble of multiplets
   3 dssr-stems.pdb -- an ensemble of stems
   4 dssr-helices.pdb -- an ensemble of helices (coaxial stacking)
   5 dssr-hairpins.pdb -- an ensemble of hairpin loops
   6 dssr-2ndstrs.bpseq -- secondary structure in bpseq format
   7 dssr-2ndstrs.ct -- secondary structure in connectivity table format
   8 dssr-2ndstrs.dbn -- secondary structure in dot-bracket notation
   9 dssr-torsions.txt -- backbone torsion angles and suite names
  10 dssr-Aminors.pdb -- an ensemble of A minor motifs (types I and II)
  11 dssr-stacks.pdb -- an ensemble of base stacks
