****************************************************************************
Note: By default, each nucleotide is identified by chainId.name#. So a
      common case would be B.A1689, meaning adenosine #1689 on chain B.
      One-letter base names for modified nucleotides are put in lower
      case (e.g., 'c' for 5MC). For further information about the output
      notation, please refer to the DSSR User Manual.
    Questions and suggestions are *always* welcome on the 3DNA Forum.

Command: x3dna-dssr -i=7ade.pdb -o=7ade.out
File name: 7ade.pdb
    no. of DNA/RNA chains: 3 [K=23,L=37,R=32]
    no. of nucleotides:    97
    no. of atoms:          51553
    no. of waters:         15
    no. of metals:         13 [Be=5,Mg=6,Zn=2]

****************************************************************************
List of 1 type of 5 modified nucleotides
      nt    count  list
   1 ADP-a    5    a.ADP1000,b.ADP1000,c.ADP1000,d.ADP1000,e.ADP1000

****************************************************************************
List of 29 base pairs
     nt1            nt2            bp  name        Saenger   LW   DSSR
   1 L.DT-10        K.DA10         T-A WC          20-XX     cWW  cW-W
   2 L.DC-9         K.DG9          C-G WC          19-XIX    cWW  cW-W
   3 L.DC-8         K.DG8          C-G WC          19-XIX    cWW  cW-W
   4 L.DG-7         K.DC7          G-C WC          19-XIX    cWW  cW-W
   5 L.DC-6         K.DG6          C-G WC          19-XIX    cWW  cW-W
   6 L.DT-5         K.DA5          T-A WC          20-XX     cWW  cW-W
   7 L.DC-4         K.DG4          C-G WC          19-XIX    cWW  cW-W
   8 L.DA-3         K.DT3          A-T WC          20-XX     cWW  cW-W
   9 L.DC-2         K.DG2          C-G WC          19-XIX    cWW  cW-W
  10 L.DA-1         K.DT1          A-T WC          20-XX     cWW  cW-W
  11 L.DA0          K.DT0          A-T WC          20-XX     cWW  cW-W
  12 L.DG2          R.C99          G-C WC          19-XIX    cWW  cW-W
  13 L.DC3          R.G98          C-G WC          19-XIX    cWW  cW-W
  14 L.DC4          R.G97          C-G WC          19-XIX    cWW  cW-W
  15 L.DA5          R.U96          A-U WC          20-XX     cWW  cW-W
  16 L.DC6          R.G95          C-G WC          19-XIX    cWW  cW-W
  17 L.DA7          R.U94          A-U WC          20-XX     cWW  cW-W
  18 L.DC8          R.G93          C-G WC          19-XIX    cWW  cW-W
  19 L.DG9          R.C92          G-C WC          19-XIX    cWW  cW-W
  20 L.DC10         R.G91          C-G WC          19-XIX    cWW  cW-W
  21 L.DT16         K.DA-16        T-A WC          20-XX     cWW  cW-W
  22 L.DC17         K.DG-17        C-G WC          19-XIX    cWW  cW-W
  23 L.DG18         K.DC-18        G-C WC          19-XIX    cWW  cW-W
  24 L.DG19         K.DC-19        G-C WC          19-XIX    cWW  cW-W
  25 L.DC20         K.DG-20        C-G WC          19-XIX    cWW  cW-W
  26 L.DC21         K.DG-21        C-G WC          19-XIX    cWW  cW-W
  27 L.DG22         K.DC-22        G-C WC          19-XIX    cWW  cW-W
  28 L.DT23         K.DA-23        T-A WC          20-XX     cWW  cW-W
  29 L.DT24         K.DA-24        T-A WC          20-XX     cWW  cW-W

****************************************************************************
List of 2 helices
  Note: a helix is defined by base-stacking interactions, regardless of bp
        type and backbone connectivity, and may contain more than one stem.
      helix#number[stems-contained] bps=number-of-base-pairs in the helix
      bp-type: '|' for a canonical WC/wobble pair, '.' otherwise
      helix-form: classification of a dinucleotide step comprising the bp
        above the given designation and the bp that follows it. Types
        include 'A', 'B' or 'Z' for the common A-, B- and Z-form helices,
        '.' for an unclassified step, and 'x' for a step without a
        continuous backbone.
      --------------------------------------------------------------------
  helix#1[2] bps=20
      strand-1 5'-TCCGCTCACAAGCCACACGC-3'
       bp-type    ||||||||||||||||||||
      strand-2 3'-AGGCGAGTGTTCGGUGUGCG-5'
      helix-form  BBBB......x.AAAAAA.
   1 L.DT-10        K.DA10         T-A WC           20-XX     cWW  cW-W
   2 L.DC-9         K.DG9          C-G WC           19-XIX    cWW  cW-W
   3 L.DC-8         K.DG8          C-G WC           19-XIX    cWW  cW-W
   4 L.DG-7         K.DC7          G-C WC           19-XIX    cWW  cW-W
   5 L.DC-6         K.DG6          C-G WC           19-XIX    cWW  cW-W
   6 L.DT-5         K.DA5          T-A WC           20-XX     cWW  cW-W
   7 L.DC-4         K.DG4          C-G WC           19-XIX    cWW  cW-W
   8 L.DA-3         K.DT3          A-T WC           20-XX     cWW  cW-W
   9 L.DC-2         K.DG2          C-G WC           19-XIX    cWW  cW-W
  10 L.DA-1         K.DT1          A-T WC           20-XX     cWW  cW-W
  11 L.DA0          K.DT0          A-T WC           20-XX     cWW  cW-W
  12 L.DG2          R.C99          G-C WC           19-XIX    cWW  cW-W
  13 L.DC3          R.G98          C-G WC           19-XIX    cWW  cW-W
  14 L.DC4          R.G97          C-G WC           19-XIX    cWW  cW-W
  15 L.DA5          R.U96          A-U WC           20-XX     cWW  cW-W
  16 L.DC6          R.G95          C-G WC           19-XIX    cWW  cW-W
  17 L.DA7          R.U94          A-U WC           20-XX     cWW  cW-W
  18 L.DC8          R.G93          C-G WC           19-XIX    cWW  cW-W
  19 L.DG9          R.C92          G-C WC           19-XIX    cWW  cW-W
  20 L.DC10         R.G91          C-G WC           19-XIX    cWW  cW-W
  --------------------------------------------------------------------------
  helix#2[1] bps=9
      strand-1 5'-TCGGCCGTT-3'
       bp-type    |||||||||
      strand-2 3'-AGCCGGCAA-5'
      helix-form  ...BB...
   1 L.DT16         K.DA-16        T-A WC           20-XX     cWW  cW-W
   2 L.DC17         K.DG-17        C-G WC           19-XIX    cWW  cW-W
   3 L.DG18         K.DC-18        G-C WC           19-XIX    cWW  cW-W
   4 L.DG19         K.DC-19        G-C WC           19-XIX    cWW  cW-W
   5 L.DC20         K.DG-20        C-G WC           19-XIX    cWW  cW-W
   6 L.DC21         K.DG-21        C-G WC           19-XIX    cWW  cW-W
   7 L.DG22         K.DC-22        G-C WC           19-XIX    cWW  cW-W
   8 L.DT23         K.DA-23        T-A WC           20-XX     cWW  cW-W
   9 L.DT24         K.DA-24        T-A WC           20-XX     cWW  cW-W

****************************************************************************
List of 3 stems
  Note: a stem is defined as a helix consisting of only canonical WC/wobble
        pairs, with a continuous backbone.
      stem#number[#helix-number containing this stem]
      Other terms are defined as in the above Helix section.
      --------------------------------------------------------------------
  stem#1[#1] bps=11
      strand-1 5'-TCCGCTCACAA-3'
       bp-type    |||||||||||
      strand-2 3'-AGGCGAGTGTT-5'
      helix-form  BBBB......
   1 L.DT-10        K.DA10         T-A WC           20-XX     cWW  cW-W
   2 L.DC-9         K.DG9          C-G WC           19-XIX    cWW  cW-W
   3 L.DC-8         K.DG8          C-G WC           19-XIX    cWW  cW-W
   4 L.DG-7         K.DC7          G-C WC           19-XIX    cWW  cW-W
   5 L.DC-6         K.DG6          C-G WC           19-XIX    cWW  cW-W
   6 L.DT-5         K.DA5          T-A WC           20-XX     cWW  cW-W
   7 L.DC-4         K.DG4          C-G WC           19-XIX    cWW  cW-W
   8 L.DA-3         K.DT3          A-T WC           20-XX     cWW  cW-W
   9 L.DC-2         K.DG2          C-G WC           19-XIX    cWW  cW-W
  10 L.DA-1         K.DT1          A-T WC           20-XX     cWW  cW-W
  11 L.DA0          K.DT0          A-T WC           20-XX     cWW  cW-W
  --------------------------------------------------------------------------
  stem#2[#1] bps=9
      strand-1 5'-GCCACACGC-3'
       bp-type    |||||||||
      strand-2 3'-CGGUGUGCG-5'
      helix-form  .AAAAAA.
   1 L.DG2          R.C99          G-C WC           19-XIX    cWW  cW-W
   2 L.DC3          R.G98          C-G WC           19-XIX    cWW  cW-W
   3 L.DC4          R.G97          C-G WC           19-XIX    cWW  cW-W
   4 L.DA5          R.U96          A-U WC           20-XX     cWW  cW-W
   5 L.DC6          R.G95          C-G WC           19-XIX    cWW  cW-W
   6 L.DA7          R.U94          A-U WC           20-XX     cWW  cW-W
   7 L.DC8          R.G93          C-G WC           19-XIX    cWW  cW-W
   8 L.DG9          R.C92          G-C WC           19-XIX    cWW  cW-W
   9 L.DC10         R.G91          C-G WC           19-XIX    cWW  cW-W
  --------------------------------------------------------------------------
  stem#3[#2] bps=9
      strand-1 5'-TCGGCCGTT-3'
       bp-type    |||||||||
      strand-2 3'-AGCCGGCAA-5'
      helix-form  ...BB...
   1 L.DT16         K.DA-16        T-A WC           20-XX     cWW  cW-W
   2 L.DC17         K.DG-17        C-G WC           19-XIX    cWW  cW-W
   3 L.DG18         K.DC-18        G-C WC           19-XIX    cWW  cW-W
   4 L.DG19         K.DC-19        G-C WC           19-XIX    cWW  cW-W
   5 L.DC20         K.DG-20        C-G WC           19-XIX    cWW  cW-W
   6 L.DC21         K.DG-21        C-G WC           19-XIX    cWW  cW-W
   7 L.DG22         K.DC-22        G-C WC           19-XIX    cWW  cW-W
   8 L.DT23         K.DA-23        T-A WC           20-XX     cWW  cW-W
   9 L.DT24         K.DA-24        T-A WC           20-XX     cWW  cW-W

****************************************************************************
List of 1 coaxial stack
   1 Helix#1 contains 2 stems: [#1,#2]

****************************************************************************
List of 17 base stacks
  Note: a stack is an ordered list of nucleotides assembled together via
        base-stacking interactions, regardless of backbone connectivity.
        Stacking interactions within a stem are *not* included.
   1 nts=2 YU f.TYR80,R.U24
   2 nts=2 YT a.TYR80,L.DT27
   3 nts=2 Fa a.PHE355,a.ADP1000
   4 nts=2 Fa b.PHE355,b.ADP1000
   5 nts=2 Fa c.PHE355,c.ADP1000
   6 nts=2 Fa d.PHE355,d.ADP1000
   7 nts=2 Fa e.PHE355,e.ADP1000
   8 nts=2 RA Y.ARG259,R.A86
   9 nts=2 YT Y.TYR795,L.DT1
  10 nts=2 AG L.DA0,L.DG2
  11 nts=2 AG K.DA-16,K.DG-15
  12 nts=2 CA K.DC-14,K.DA-13
  13 nts=2 CA R.C19,R.A20
  14 nts=2 CA R.C21,R.A22
  15 nts=2 UU R.U77,R.U78
  16 nts=3 RAC f.ARG87,L.DA31,L.DC30
  17 nts=3 TAT L.DT24,L.DA25,L.DT26

****************************************************************************
Nucleotides not involved in stacking interactions
     nts=17 CGUCCAAAACCACCGGC L.DC28,L.DG29,R.U23,R.C25,R.C26,R.A76,R.A79,R.A80,R.A81,R.C82,R.C83,R.A84,R.C85,R.C87,R.G90,R.G91,R.C99

****************************************************************************
List of 1 atom-base capping interaction
    dv: vertical distance of the atom above the nucleotide base
    -----------------------------------------------------------
     type       atom                 nt             dv
   1 sugar      O2'@R.A86            R.G91          3.01

****************************************************************************
List of 9 non-loop single-stranded segments
   1 nts=1 T L.DT1
   2 nts=7 ATTCGCA L.DA25,L.DT26,L.DT27,L.DC28,L.DG29,L.DC30,L.DA31
   3 nts=3 GCA K.DG-15,K.DC-14,K.DA-13
   4 nts=23* CACAUUCCAUUAAACCACACCUG R.C19,R.A20,R.C21,R.A22,R.U23,R.U24,R.C25,R.C26,R.A76,R.U77,R.U78,R.A79,R.A80,R.A81,R.C82,R.C83,R.A84,R.C85,R.A86,R.C87,R.C88,R.U89,R.G90
   5 nts=1 a a.ADP1000
   6 nts=1 a b.ADP1000
   7 nts=1 a c.ADP1000
   8 nts=1 a d.ADP1000
   9 nts=1 a e.ADP1000

****************************************************************************
List of 10 splayed-apart dinucleotides
   1 L.DT27    L.DC28    angle=123    distance=16.7     ratio=0.88
   2 L.DC28    L.DG29    angle=144    distance=17.5     ratio=0.95
   3 L.DG29    L.DC30    angle=114    distance=15.2     ratio=0.84
   4 R.A22     R.U23     angle=101    distance=14.4     ratio=0.77
   5 R.U23     R.U24     angle=129    distance=17.8     ratio=0.90
   6 R.C25     R.C26     angle=94     distance=14.3     ratio=0.73
   7 R.A81     R.C82     angle=119    distance=16.0     ratio=0.86
   8 R.A84     R.C85     angle=122    distance=13.7     ratio=0.88
   9 R.U89     R.G90     angle=133    distance=15.7     ratio=0.92
  10 R.G90     R.G91     angle=134    distance=17.5     ratio=0.92
----------------------------------------------------------------
Summary of 6 splayed-apart units
   1 nts=4 TCGC L.DT27,L.DC28,L.DG29,L.DC30
   2 nts=3 AUU R.A22,R.U23,R.U24
   3 nts=2 CC R.C25,R.C26
   4 nts=2 AC R.A81,R.C82
   5 nts=2 AC R.A84,R.C85
   6 nts=3 UGG R.U89,R.G90,R.G91

****************************************************************************
Special notes:
   o cross-paired segments in separate chains, be *careful* with .dbn

****************************************************************************
This structure contains *1-order pseudoknot
   o You may want to run DSSR again with the '--nested' option which removes
     pseudoknots to get a fully nested secondary structure representation.
   o The DSSR-derived dbn may be problematic (see notes above).

****************************************************************************
Secondary structures in dot-bracket notation (dbn) as a whole and per chain
>7ade nts=97 [whole]
TCCGCTCACAATGCCACACGC&TCGGCCGTTATTCGCA&AACGGCCGAGCA&TTGTGAGCGGA&CACAUUCC&AUUAAACCACACCUGGCGUGUGGC&a&a&a&a&a
(((((((((((.[[[[[[[[[&(((((((((.......&)))))))))...&)))))))))))&........&...............]]]]]]]]]&.&.&.&.&.
>7ade-L #1 nts=37 1.94(2.24) [chain] DNA*
TCCGCTCACAATGCCACACGC&TCGGCCGTTATTCGCA
(((((((((((.[[[[[[[[[&(((((((((.......
>7ade-K #2 nts=23 2.34(1.58) [chain] DNA*
AACGGCCGAGCA&TTGTGAGCGGA
)))))))))...&)))))))))))
>7ade-R #3 nts=32 1.20(3.04) [chain] RNA*
CACAUUCC&AUUAAACCACACCUGGCGUGUGGC
........&...............]]]]]]]]]

****************************************************************************
Summary of structural features of 97 nucleotides
  Note: the first five columns are: (1) serial number, (2) one-letter
    shorthand name, (3) dbn, (4) id string, (5) rmsd (~zero) of base
    ring atoms fitted against those in a standard base reference
    frame. The sixth (last) column contains a comma-separated list of
    features whose meanings are mostly self-explanatory, except for:
      turn: angle C1'(i-1)--C1'(i)--C1'(i+1) < 90 degrees
      break: no backbone linkage between O3'(i-1) and P(i)
   1  T ( L.DT-10   0.002  anti,~C2'-endo,canonical,non-pair-contact,helix-end,stem-end,coaxial-stack
   2  C ( L.DC-9    0.003  anti,~C2'-endo,canonical,non-pair-contact,helix,stem,coaxial-stack
   3  C ( L.DC-8    0.003  anti,~C2'-endo,canonical,non-pair-contact,helix,stem,coaxial-stack
   4  G ( L.DG-7    0.004  anti,~C2'-endo,canonical,non-pair-contact,helix,stem,coaxial-stack
   5  C ( L.DC-6    0.004  anti,~C2'-endo,BII,canonical,non-pair-contact,helix,stem,coaxial-stack
   6  T ( L.DT-5    0.005  anti,~C2'-endo,BI,canonical,non-pair-contact,helix,stem,coaxial-stack,phosphate
   7  C ( L.DC-4    0.008  anti,~C2'-endo,BI,canonical,non-pair-contact,helix,stem,coaxial-stack
   8  A ( L.DA-3    0.008  anti,~C2'-endo,BI,canonical,non-pair-contact,helix,stem,coaxial-stack
   9  C ( L.DC-2    0.009  anti,~C2'-endo,canonical,non-pair-contact,helix,stem,coaxial-stack
  10  A ( L.DA-1    0.009  anti,~C2'-endo,BI,canonical,non-pair-contact,helix,stem,coaxial-stack
  11  A ( L.DA0     0.006  anti,~C2'-endo,BI,canonical,non-pair-contact,helix,stem-end,coaxial-stack
  12  T . L.DT1     0.003  turn,anti,~C3'-endo,non-pair-contact,ss-non-loop
  13  G [ L.DG2     0.005  pseudoknotted,anti,~C3'-endo,canonical,non-pair-contact,helix,stem-end,coaxial-stack
  14  C [ L.DC3     0.004  pseudoknotted,anti,~C3'-endo,BI,canonical,non-pair-contact,helix,stem,coaxial-stack
  15  C [ L.DC4     0.004  pseudoknotted,anti,~C3'-endo,BI,canonical,non-pair-contact,helix,stem,coaxial-stack,phosphate
  16  A [ L.DA5     0.006  pseudoknotted,anti,~C3'-endo,canonical,non-pair-contact,helix,stem,coaxial-stack
  17  C [ L.DC6     0.005  pseudoknotted,anti,~C3'-endo,BI,canonical,non-pair-contact,helix,stem,coaxial-stack
  18  A [ L.DA7     0.008  pseudoknotted,anti,~C3'-endo,canonical,non-pair-contact,helix,stem,coaxial-stack,phosphate
  19  C [ L.DC8     0.003  pseudoknotted,anti,~C3'-endo,BI,canonical,non-pair-contact,helix,stem,coaxial-stack
  20  G [ L.DG9     0.004  pseudoknotted,anti,~C2'-endo,canonical,non-pair-contact,helix,stem,coaxial-stack
  21  C [ L.DC10    0.003  pseudoknotted,break,anti,~C2'-endo,canonical,non-pair-contact,helix-end,stem-end,coaxial-stack,phosphate
  22  T ( L.DT16    0.002  anti,~C3'-endo,BI,canonical,non-pair-contact,helix-end,stem-end
  23  C ( L.DC17    0.005  anti,~C3'-endo,BI,canonical,non-pair-contact,helix,stem
  24  G ( L.DG18    0.009  anti,~C3'-endo,BI,canonical,non-pair-contact,helix,stem
  25  G ( L.DG19    0.014  anti,~C2'-endo,BI,canonical,non-pair-contact,helix,stem
  26  C ( L.DC20    0.005  anti,~C2'-endo,BII,canonical,non-pair-contact,helix,stem
  27  C ( L.DC21    0.010  anti,~C2'-endo,BI,canonical,non-pair-contact,helix,stem
  28  G ( L.DG22    0.016  anti,BI,canonical,non-pair-contact,helix,stem
  29  T ( L.DT23    0.002  anti,BI,canonical,non-pair-contact,helix,stem
  30  T ( L.DT24    0.004  anti,~C2'-endo,BII,canonical,non-pair-contact,helix-end,stem-end
  31  A . L.DA25    0.008  anti,~C2'-endo,BI,non-pair-contact,ss-non-loop
  32  T . L.DT26    0.004  anti,non-pair-contact,ss-non-loop
  33  T . L.DT27    0.005  anti,ss-non-loop,splayed-apart
  34  C . L.DC28    0.002  anti,non-stack,ss-non-loop,splayed-apart
  35  G . L.DG29    0.010  anti,~C3'-endo,non-stack,non-pair-contact,ss-non-loop,phosphate,splayed-apart
  36  C . L.DC30    0.002  anti,~C2'-endo,BII,non-pair-contact,ss-non-loop,splayed-apart
  37  A . L.DA31    0.002  anti,~C3'-endo,non-pair-contact,ss-non-loop,phosphate
  38  A ) K.DA-24   0.004  anti,BI,canonical,non-pair-contact,helix-end,stem-end
  39  A ) K.DA-23   0.004  anti,~C2'-endo,BI,canonical,non-pair-contact,helix,stem
  40  C ) K.DC-22   0.007  anti,BI,canonical,non-pair-contact,helix,stem,phosphate
  41  G ) K.DG-21   0.019  anti,BI,canonical,non-pair-contact,helix,stem
  42  G ) K.DG-20   0.012  anti,~C2'-endo,canonical,non-pair-contact,helix,stem
  43  C ) K.DC-19   0.006  anti,BI,canonical,non-pair-contact,helix,stem,phosphate
  44  C ) K.DC-18   0.005  anti,~C2'-endo,BI,canonical,non-pair-contact,helix,stem
  45  G ) K.DG-17   0.005  anti,~C2'-endo,canonical,non-pair-contact,helix,stem
  46  A ) K.DA-16   0.003  anti,~C2'-endo,BI,canonical,non-pair-contact,helix-end,stem-end
  47  G . K.DG-15   0.003  anti,~C2'-endo,non-pair-contact,ss-non-loop
  48  C . K.DC-14   0.002  anti,~C2'-endo,BI,non-pair-contact,ss-non-loop
  49  A . K.DA-13   0.003  break,anti,~C3'-endo,non-pair-contact,ss-non-loop
  50  T ) K.DT0     0.004  anti,BI,canonical,non-pair-contact,helix,stem-end,coaxial-stack
  51  T ) K.DT1     0.005  anti,~C2'-endo,BI,canonical,non-pair-contact,helix,stem,coaxial-stack
  52  G ) K.DG2     0.016  anti,~C3'-endo,BI,canonical,non-pair-contact,helix,stem,coaxial-stack
  53  T ) K.DT3     0.005  anti,~C2'-endo,BI,canonical,non-pair-contact,helix,stem,coaxial-stack
  54  G ) K.DG4     0.009  anti,~C2'-endo,BI,canonical,non-pair-contact,helix,stem,coaxial-stack
  55  A ) K.DA5     0.006  anti,canonical,non-pair-contact,helix,stem,coaxial-stack
  56  G ) K.DG6     0.006  anti,~C2'-endo,canonical,non-pair-contact,helix,stem,coaxial-stack
  57  C ) K.DC7     0.004  anti,~C2'-endo,canonical,non-pair-contact,helix,stem,coaxial-stack
  58  G ) K.DG8     0.003  anti,~C2'-endo,canonical,non-pair-contact,helix,stem,coaxial-stack
  59  G ) K.DG9     0.003  anti,~C2'-endo,canonical,non-pair-contact,helix,stem,coaxial-stack
  60  A ) K.DA10    0.003  anti,~C2'-endo,canonical,non-pair-contact,helix-end,stem-end,coaxial-stack
  61  C . R.C19     0.005  anti,~C3'-endo,BI,non-pair-contact,ss-non-loop,phosphate
  62  A . R.A20     0.004  anti,~C3'-endo,BI,non-pair-contact,ss-non-loop
  63  C . R.C21     0.004  anti,~C3'-endo,BI,non-pair-contact,ss-non-loop
  64  A . R.A22     0.001  anti,~C3'-endo,non-pair-contact,ss-non-loop,splayed-apart
  65  U . R.U23     0.002  turn,anti,~C3'-endo,non-stack,non-pair-contact,ss-non-loop,splayed-apart
  66  U . R.U24     0.002  anti,~C2'-endo,BII,non-pair-contact,ss-non-loop,phosphate,splayed-apart
  67  C . R.C25     0.007  turn,anti,~C2'-endo,non-stack,non-pair-contact,ss-non-loop,splayed-apart
  68  C . R.C26     0.001  break,anti,~C2'-endo,non-stack,non-pair-contact,ss-non-loop,phosphate,splayed-apart
  69  A . R.A76     0.003  anti,~C3'-endo,non-stack,non-pair-contact,ss-non-loop
  70  U . R.U77     0.003  anti,~C3'-endo,non-pair-contact,ss-non-loop
  71  U . R.U78     0.006  anti,~C3'-endo,BI,non-pair-contact,ss-non-loop
  72  A . R.A79     0.003  anti,~C3'-endo,non-stack,non-pair-contact,ss-non-loop
  73  A . R.A80     0.002  anti,~C3'-endo,non-stack,non-pair-contact,ss-non-loop
  74  A . R.A81     0.002  anti,~C3'-endo,non-stack,non-pair-contact,ss-non-loop,splayed-apart
  75  C . R.C82     0.003  anti,~C3'-endo,BI,non-stack,non-pair-contact,ss-non-loop,splayed-apart
  76  C . R.C83     0.004  anti,~C3'-endo,BI,non-stack,non-pair-contact,ss-non-loop
  77  A . R.A84     0.002  anti,~C3'-endo,non-stack,non-pair-contact,ss-non-loop,phosphate,splayed-apart
  78  C . R.C85     0.017  ~C3'-endo,BII,non-stack,ss-non-loop,splayed-apart
  79  A . R.A86     0.003  syn,~C3'-endo,ss-non-loop,cap-donor
  80  C . R.C87     0.008  anti,~C3'-endo,BI,non-stack,non-pair-contact,ss-non-loop
  81  C . R.C88     0.007  syn,~C3'-endo,non-pair-contact,ss-non-loop
  82  U . R.U89     0.009  turn,anti,~C3'-endo,non-pair-contact,ss-non-loop,phosphate,splayed-apart
  83  G . R.G90     0.008  anti,~C3'-endo,non-stack,ss-non-loop,splayed-apart
  84  G ] R.G91     0.016  pseudoknotted,turn,anti,~C3'-endo,non-stack,canonical,non-pair-contact,helix-end,stem-end,coaxial-stack,cap-acceptor,splayed-apart
  85  C ] R.C92     0.009  pseudoknotted,anti,~C3'-endo,BI,canonical,non-pair-contact,helix,stem,coaxial-stack,phosphate
  86  G ] R.G93     0.007  pseudoknotted,anti,~C3'-endo,BI,canonical,non-pair-contact,helix,stem,coaxial-stack
  87  U ] R.U94     0.007  pseudoknotted,anti,~C3'-endo,BI,canonical,non-pair-contact,helix,stem,coaxial-stack,phosphate
  88  G ] R.G95     0.011  pseudoknotted,anti,~C3'-endo,BI,canonical,non-pair-contact,helix,stem,coaxial-stack,phosphate
  89  U ] R.U96     0.005  pseudoknotted,anti,~C3'-endo,BI,canonical,non-pair-contact,helix,stem,coaxial-stack
  90  G ] R.G97     0.005  pseudoknotted,anti,~C3'-endo,BI,canonical,non-pair-contact,helix,stem,coaxial-stack
  91  G ] R.G98     0.004  pseudoknotted,anti,~C3'-endo,canonical,non-pair-contact,helix,stem,coaxial-stack
  92  C ] R.C99     0.001  pseudoknotted,anti,~C3'-endo,non-stack,canonical,non-pair-contact,helix,stem-end,coaxial-stack
  93  a . a.ADP1000 0.061  modified,anti,ss-non-loop
  94  a . b.ADP1000 0.062  modified,anti,ss-non-loop
  95  a . c.ADP1000 0.061  modified,anti,ss-non-loop
  96  a . d.ADP1000 0.061  modified,anti,ss-non-loop
  97  a . e.ADP1000 0.062  modified,anti,ss-non-loop

****************************************************************************
List of 10 additional files
   1 dssr-pairs.pdb -- an ensemble of base pairs
   2 dssr-stems.pdb -- an ensemble of stems
   3 dssr-helices.pdb -- an ensemble of helices (coaxial stacking)
   4 dssr-2ndstrs.bpseq -- secondary structure in bpseq format
   5 dssr-2ndstrs.ct -- secondary structure in connectivity table format
   6 dssr-2ndstrs.dbn -- secondary structure in dot-bracket notation
   7 dssr-torsions.txt -- backbone torsion angles and suite names
   8 dssr-splays.pdb -- an ensemble of splayed-apart units
   9 dssr-stacks.pdb -- an ensemble of base stacks
  10 dssr-atom2bases.pdb -- an ensemble of atom-base stacking interactions
